<?xml version="1.0" encoding="UTF-8"?>
<testsuites>
  <testsuite name="" tests="3" assertions="0" errors="3" warnings="0" failures="0" skipped="0" time="0.112870">
    <testsuite name="Application Test Suite" tests="3" assertions="0" errors="3" warnings="0" failures="0" skipped="0" time="0.112870">
      <testsuite name="Tests\Feature\ExampleTest" file="C:\Users\USER\STEGHUB\php-todo\tests\ExampleTest.php" tests="3" assertions="0" errors="3" warnings="0" failures="0" skipped="0" time="0.112870">
        <testcase name="test_tasks_are_displayed_on_the_dashboard" class="Tests\Feature\ExampleTest" classname="Tests.Feature.ExampleTest" file="C:\Users\USER\STEGHUB\php-todo\tests\ExampleTest.php" line="13" assertions="0" time="0.111291">
          <error type="Illuminate\Contracts\Container\BindingResolutionException">Tests\Feature\ExampleTest::test_tasks_are_displayed_on_the_dashboard
Illuminate\Contracts\Container\BindingResolutionException: Target class [Tests\Illuminate\Contracts\Console\Kernel] does not exist.

C:\Users\USER\STEGHUB\php-todo\vendor\laravel\framework\src\Illuminate\Container\Container.php:879
C:\Users\USER\STEGHUB\php-todo\vendor\laravel\framework\src\Illuminate\Container\Container.php:758
C:\Users\USER\STEGHUB\php-todo\vendor\laravel\framework\src\Illuminate\Foundation\Application.php:853
C:\Users\USER\STEGHUB\php-todo\vendor\laravel\framework\src\Illuminate\Container\Container.php:694
C:\Users\USER\STEGHUB\php-todo\vendor\laravel\framework\src\Illuminate\Foundation\Application.php:838
C:\Users\USER\STEGHUB\php-todo\tests\TestCase.php:24
C:\Users\USER\STEGHUB\php-todo\vendor\laravel\framework\src\Illuminate\Foundation\Testing\TestCase.php:109
C:\Users\USER\STEGHUB\php-todo\vendor\laravel\framework\src\Illuminate\Foundation\Testing\TestCase.php:86</error>
        </testcase>
        <testcase name="test_tasks_can_be_created" class="Tests\Feature\ExampleTest" classname="Tests.Feature.ExampleTest" file="C:\Users\USER\STEGHUB\php-todo\tests\ExampleTest.php" line="25" assertions="0" time="0.000727">
          <error type="Illuminate\Contracts\Container\BindingResolutionException">Tests\Feature\ExampleTest::test_tasks_can_be_created
Illuminate\Contracts\Container\BindingResolutionException: Target class [Tests\Illuminate\Contracts\Console\Kernel] does not exist.

C:\Users\USER\STEGHUB\php-todo\vendor\laravel\framework\src\Illuminate\Container\Container.php:879
C:\Users\USER\STEGHUB\php-todo\vendor\laravel\framework\src\Illuminate\Container\Container.php:758
C:\Users\USER\STEGHUB\php-todo\vendor\laravel\framework\src\Illuminate\Foundation\Application.php:853
C:\Users\USER\STEGHUB\php-todo\vendor\laravel\framework\src\Illuminate\Container\Container.php:694
C:\Users\USER\STEGHUB\php-todo\vendor\laravel\framework\src\Illuminate\Foundation\Application.php:838
C:\Users\USER\STEGHUB\php-todo\tests\TestCase.php:24
C:\Users\USER\STEGHUB\php-todo\vendor\laravel\framework\src\Illuminate\Foundation\Testing\TestCase.php:109
C:\Users\USER\STEGHUB\php-todo\vendor\laravel\framework\src\Illuminate\Foundation\Testing\TestCase.php:86</error>
        </testcase>
        <testcase name="test_long_tasks_cant_be_created" class="Tests\Feature\ExampleTest" classname="Tests.Feature.ExampleTest" file="C:\Users\USER\STEGHUB\php-todo\tests\ExampleTest.php" line="33" assertions="0" time="0.000852">
          <error type="Illuminate\Contracts\Container\BindingResolutionException">Tests\Feature\ExampleTest::test_long_tasks_cant_be_created
Illuminate\Contracts\Container\BindingResolutionException: Target class [Tests\Illuminate\Contracts\Console\Kernel] does not exist.

C:\Users\USER\STEGHUB\php-todo\vendor\laravel\framework\src\Illuminate\Container\Container.php:879
C:\Users\USER\STEGHUB\php-todo\vendor\laravel\framework\src\Illuminate\Container\Container.php:758
C:\Users\USER\STEGHUB\php-todo\vendor\laravel\framework\src\Illuminate\Foundation\Application.php:853
C:\Users\USER\STEGHUB\php-todo\vendor\laravel\framework\src\Illuminate\Container\Container.php:694
C:\Users\USER\STEGHUB\php-todo\vendor\laravel\framework\src\Illuminate\Foundation\Application.php:838
C:\Users\USER\STEGHUB\php-todo\tests\TestCase.php:24
C:\Users\USER\STEGHUB\php-todo\vendor\laravel\framework\src\Illuminate\Foundation\Testing\TestCase.php:109
C:\Users\USER\STEGHUB\php-todo\vendor\laravel\framework\src\Illuminate\Foundation\Testing\TestCase.php:86</error>
        </testcase>
      </testsuite>
    </testsuite>
  </testsuite>
</testsuites>
