<?xml version="1.0" encoding="UTF-8"?>
<testsuites>
  <testsuite name="" tests="3" assertions="2" errors="1" warnings="0" failures="0" skipped="0" time="1.182268">
    <testsuite name="Application Test Suite" tests="3" assertions="2" errors="1" warnings="0" failures="0" skipped="0" time="1.182268">
      <testsuite name="Tests\Feature\ExampleTest" file="C:\Users\USER\STEGHUB\php-todo\tests\ExampleTest.php" tests="3" assertions="2" errors="1" warnings="0" failures="0" skipped="0" time="1.182268">
        <testcase name="test_application_homepage_works" class="Tests\Feature\ExampleTest" classname="Tests.Feature.ExampleTest" file="C:\Users\USER\STEGHUB\php-todo\tests\ExampleTest.php" line="23" assertions="0" time="0.956040">
          <error type="Illuminate\Encryption\MissingAppKeyException">Tests\Feature\ExampleTest::test_application_homepage_works
Illuminate\Encryption\MissingAppKeyException: No application encryption key has been specified.

C:\Users\USER\STEGHUB\php-todo\vendor\laravel\framework\src\Illuminate\Encryption\EncryptionServiceProvider.php:101
C:\Users\USER\STEGHUB\php-todo\vendor\laravel\framework\src\Illuminate\Support\helpers.php:276
C:\Users\USER\STEGHUB\php-todo\vendor\laravel\framework\src\Illuminate\Encryption\EncryptionServiceProvider.php:99
C:\Users\USER\STEGHUB\php-todo\vendor\laravel\framework\src\Illuminate\Encryption\EncryptionServiceProvider.php:82
C:\Users\USER\STEGHUB\php-todo\vendor\laravel\framework\src\Illuminate\Encryption\EncryptionServiceProvider.php:34
C:\Users\USER\STEGHUB\php-todo\vendor\laravel\framework\src\Illuminate\Container\Container.php:873
C:\Users\USER\STEGHUB\php-todo\vendor\laravel\framework\src\Illuminate\Container\Container.php:758
C:\Users\USER\STEGHUB\php-todo\vendor\laravel\framework\src\Illuminate\Foundation\Application.php:853
C:\Users\USER\STEGHUB\php-todo\vendor\laravel\framework\src\Illuminate\Container\Container.php:694
C:\Users\USER\STEGHUB\php-todo\vendor\laravel\framework\src\Illuminate\Foundation\Application.php:838
C:\Users\USER\STEGHUB\php-todo\vendor\laravel\framework\src\Illuminate\Container\Container.php:1027
C:\Users\USER\STEGHUB\php-todo\vendor\laravel\framework\src\Illuminate\Container\Container.php:947
C:\Users\USER\STEGHUB\php-todo\vendor\laravel\framework\src\Illuminate\Container\Container.php:908
C:\Users\USER\STEGHUB\php-todo\vendor\laravel\framework\src\Illuminate\Container\Container.php:758
C:\Users\USER\STEGHUB\php-todo\vendor\laravel\framework\src\Illuminate\Foundation\Application.php:853
C:\Users\USER\STEGHUB\php-todo\vendor\laravel\framework\src\Illuminate\Container\Container.php:694
C:\Users\USER\STEGHUB\php-todo\vendor\laravel\framework\src\Illuminate\Foundation\Application.php:838
C:\Users\USER\STEGHUB\php-todo\vendor\laravel\framework\src\Illuminate\Foundation\Http\Kernel.php:206
C:\Users\USER\STEGHUB\php-todo\vendor\laravel\framework\src\Illuminate\Foundation\Http\Kernel.php:180
C:\Users\USER\STEGHUB\php-todo\vendor\laravel\framework\src\Illuminate\Foundation\Testing\Concerns\MakesHttpRequests.php:513
C:\Users\USER\STEGHUB\php-todo\vendor\laravel\framework\src\Illuminate\Foundation\Testing\Concerns\MakesHttpRequests.php:294
C:\Users\USER\STEGHUB\php-todo\tests\ExampleTest.php:25</error>
        </testcase>
        <testcase name="test_database_connection" class="Tests\Feature\ExampleTest" classname="Tests.Feature.ExampleTest" file="C:\Users\USER\STEGHUB\php-todo\tests\ExampleTest.php" line="29" assertions="1" time="0.119138"/>
        <testcase name="test_environment_is_testing" class="Tests\Feature\ExampleTest" classname="Tests.Feature.ExampleTest" file="C:\Users\USER\STEGHUB\php-todo\tests\ExampleTest.php" line="34" assertions="1" time="0.107090"/>
      </testsuite>
    </testsuite>
  </testsuite>
</testsuites>
