<?xml version="1.0" encoding="UTF-8"?>
<testsuites>
  <testsuite name="" tests="3" assertions="0" errors="3" warnings="0" failures="0" skipped="0" time="0.400552">
    <testsuite name="Application Test Suite" tests="3" assertions="0" errors="3" warnings="0" failures="0" skipped="0" time="0.400552">
      <testsuite name="Tests\Feature\ExampleTest" file="C:\Users\USER\STEGHUB\php-todo\tests\ExampleTest.php" tests="3" assertions="0" errors="3" warnings="0" failures="0" skipped="0" time="0.400552">
        <testcase name="test_tasks_are_displayed_on_the_dashboard" class="Tests\Feature\ExampleTest" classname="Tests.Feature.ExampleTest" file="C:\Users\USER\STEGHUB\php-todo\tests\ExampleTest.php" line="13" assertions="0" time="0.362555">
          <error type="PDOException">Tests\Feature\ExampleTest::test_tasks_are_displayed_on_the_dashboard
PDOException: could not find driver

C:\Users\USER\STEGHUB\php-todo\vendor\laravel\framework\src\Illuminate\Database\Connectors\Connector.php:70
C:\Users\USER\STEGHUB\php-todo\vendor\laravel\framework\src\Illuminate\Database\Connectors\Connector.php:45
C:\Users\USER\STEGHUB\php-todo\vendor\laravel\framework\src\Illuminate\Database\Connectors\MySqlConnector.php:24
C:\Users\USER\STEGHUB\php-todo\vendor\laravel\framework\src\Illuminate\Database\Connectors\ConnectionFactory.php:184
C:\Users\USER\STEGHUB\php-todo\vendor\laravel\framework\src\Illuminate\Database\Connection.php:1064
C:\Users\USER\STEGHUB\php-todo\vendor\laravel\framework\src\Illuminate\Database\Concerns\ManagesTransactions.php:139
C:\Users\USER\STEGHUB\php-todo\vendor\laravel\framework\src\Illuminate\Database\Concerns\ManagesTransactions.php:115
C:\Users\USER\STEGHUB\php-todo\vendor\laravel\framework\src\Illuminate\Foundation\Testing\DatabaseTransactions.php:21
C:\Users\USER\STEGHUB\php-todo\vendor\laravel\framework\src\Illuminate\Foundation\Testing\TestCase.php:130
C:\Users\USER\STEGHUB\php-todo\vendor\laravel\framework\src\Illuminate\Foundation\Testing\TestCase.php:91</error>
        </testcase>
        <testcase name="test_tasks_can_be_created" class="Tests\Feature\ExampleTest" classname="Tests.Feature.ExampleTest" file="C:\Users\USER\STEGHUB\php-todo\tests\ExampleTest.php" line="25" assertions="0" time="0.014361">
          <error type="PDOException">Tests\Feature\ExampleTest::test_tasks_can_be_created
PDOException: could not find driver

C:\Users\USER\STEGHUB\php-todo\vendor\laravel\framework\src\Illuminate\Database\Connectors\Connector.php:70
C:\Users\USER\STEGHUB\php-todo\vendor\laravel\framework\src\Illuminate\Database\Connectors\Connector.php:45
C:\Users\USER\STEGHUB\php-todo\vendor\laravel\framework\src\Illuminate\Database\Connectors\MySqlConnector.php:24
C:\Users\USER\STEGHUB\php-todo\vendor\laravel\framework\src\Illuminate\Database\Connectors\ConnectionFactory.php:184
C:\Users\USER\STEGHUB\php-todo\vendor\laravel\framework\src\Illuminate\Database\Connection.php:1064
C:\Users\USER\STEGHUB\php-todo\vendor\laravel\framework\src\Illuminate\Database\Concerns\ManagesTransactions.php:139
C:\Users\USER\STEGHUB\php-todo\vendor\laravel\framework\src\Illuminate\Database\Concerns\ManagesTransactions.php:115
C:\Users\USER\STEGHUB\php-todo\vendor\laravel\framework\src\Illuminate\Foundation\Testing\DatabaseTransactions.php:21
C:\Users\USER\STEGHUB\php-todo\vendor\laravel\framework\src\Illuminate\Foundation\Testing\TestCase.php:130
C:\Users\USER\STEGHUB\php-todo\vendor\laravel\framework\src\Illuminate\Foundation\Testing\TestCase.php:91</error>
        </testcase>
        <testcase name="test_long_tasks_cant_be_created" class="Tests\Feature\ExampleTest" classname="Tests.Feature.ExampleTest" file="C:\Users\USER\STEGHUB\php-todo\tests\ExampleTest.php" line="33" assertions="0" time="0.023636">
          <error type="PDOException">Tests\Feature\ExampleTest::test_long_tasks_cant_be_created
PDOException: could not find driver

C:\Users\USER\STEGHUB\php-todo\vendor\laravel\framework\src\Illuminate\Database\Connectors\Connector.php:70
C:\Users\USER\STEGHUB\php-todo\vendor\laravel\framework\src\Illuminate\Database\Connectors\Connector.php:45
C:\Users\USER\STEGHUB\php-todo\vendor\laravel\framework\src\Illuminate\Database\Connectors\MySqlConnector.php:24
C:\Users\USER\STEGHUB\php-todo\vendor\laravel\framework\src\Illuminate\Database\Connectors\ConnectionFactory.php:184
C:\Users\USER\STEGHUB\php-todo\vendor\laravel\framework\src\Illuminate\Database\Connection.php:1064
C:\Users\USER\STEGHUB\php-todo\vendor\laravel\framework\src\Illuminate\Database\Concerns\ManagesTransactions.php:139
C:\Users\USER\STEGHUB\php-todo\vendor\laravel\framework\src\Illuminate\Database\Concerns\ManagesTransactions.php:115
C:\Users\USER\STEGHUB\php-todo\vendor\laravel\framework\src\Illuminate\Foundation\Testing\DatabaseTransactions.php:21
C:\Users\USER\STEGHUB\php-todo\vendor\laravel\framework\src\Illuminate\Foundation\Testing\TestCase.php:130
C:\Users\USER\STEGHUB\php-todo\vendor\laravel\framework\src\Illuminate\Foundation\Testing\TestCase.php:91</error>
        </testcase>
      </testsuite>
    </testsuite>
  </testsuite>
</testsuites>
